<?xml version="1.0" encoding="UTF-8"?>
<testng-results skipped="0" failed="0" ignored="0" total="1" passed="1">
  <reporter-output>
  </reporter-output>
  <suite name="Default suite" duration-ms="6568" started-at="2018-07-27T11:41:17Z" finished-at="2018-07-27T11:41:24Z">
    <groups>
    </groups>
    <test name="Default test" duration-ms="6568" started-at="2018-07-27T11:41:17Z" finished-at="2018-07-27T11:41:24Z">
      <class name="com.test.testSeleniumMethod.TestSeleniumMethod">
        <test-method status="PASS" signature="setUp()[pri:0, instance:com.test.testSeleniumMethod.TestSeleniumMethod@d25987]" name="setUp" is-config="true" duration-ms="2784" started-at="2018-07-27T19:41:14Z" finished-at="2018-07-27T19:41:17Z">
          <reporter-output>
          </reporter-output>
        </test-method> <!-- setUp -->
        <test-method status="PASS" signature="modifySex()[pri:0, instance:com.test.testSeleniumMethod.TestSeleniumMethod@d25987]" name="modifySex" duration-ms="6544" started-at="2018-07-27T19:41:17Z" finished-at="2018-07-27T19:41:24Z">
          <reporter-output>
          </reporter-output>
        </test-method> <!-- modifySex -->
      </class> <!-- com.test.testSeleniumMethod.TestSeleniumMethod -->
    </test> <!-- Default test -->
  </suite> <!-- Default suite -->
</testng-results>
